Determining if the pthread_create exist failed with the following output:
Change Dir: /home/ubuntu/work/mkf/MarketFinance/build/CMakeFiles/CMakeTmp

Run Build Command:"/usr/bin/make" "cmTC_9c1b2/fast"
/usr/bin/make -f CMakeFiles/cmTC_9c1b2.dir/build.make CMakeFiles/cmTC_9c1b2.dir/build
make[1]: Entering directory '/home/ubuntu/work/mkf/MarketFinance/build/CMakeFiles/CMakeTmp'
Building C object CMakeFiles/cmTC_9c1b2.dir/CheckSymbolExists.c.o
/usr/bin/cc    -o CMakeFiles/cmTC_9c1b2.dir/CheckSymbolExists.c.o   -c /home/ubuntu/work/mkf/MarketFinance/build/CMakeFiles/CMakeTmp/CheckSymbolExists.c
Linking C executable cmTC_9c1b2
/usr/bin/cmake -E cmake_link_script CMakeFiles/cmTC_9c1b2.dir/link.txt --verbose=1
/usr/bin/cc      CMakeFiles/cmTC_9c1b2.dir/CheckSymbolExists.c.o  -o cmTC_9c1b2 
CMakeFiles/cmTC_9c1b2.dir/CheckSymbolExists.c.o: In function `main':
CheckSymbolExists.c:(.text+0x1b): undefined reference to `pthread_create'
collect2: error: ld returned 1 exit status
CMakeFiles/cmTC_9c1b2.dir/build.make:97: recipe for target 'cmTC_9c1b2' failed
make[1]: *** [cmTC_9c1b2] Error 1
make[1]: Leaving directory '/home/ubuntu/work/mkf/MarketFinance/build/CMakeFiles/CMakeTmp'
Makefile:126: recipe for target 'cmTC_9c1b2/fast' failed
make: *** [cmTC_9c1b2/fast] Error 2

File /home/ubuntu/work/mkf/MarketFinance/build/CMakeFiles/CMakeTmp/CheckSymbolExists.c:
/* */
#include <pthread.h>

int main(int argc, char** argv)
{
  (void)argv;
#ifndef pthread_create
  return ((int*)(&pthread_create))[argc];
#else
  (void)argc;
  return 0;
#endif
}

Determining if the function pthread_create exists in the pthreads failed with the following output:
Change Dir: /home/ubuntu/work/mkf/MarketFinance/build/CMakeFiles/CMakeTmp

Run Build Command:"/usr/bin/make" "cmTC_14da9/fast"
/usr/bin/make -f CMakeFiles/cmTC_14da9.dir/build.make CMakeFiles/cmTC_14da9.dir/build
make[1]: Entering directory '/home/ubuntu/work/mkf/MarketFinance/build/CMakeFiles/CMakeTmp'
Building C object CMakeFiles/cmTC_14da9.dir/CheckFunctionExists.c.o
/usr/bin/cc   -DCHECK_FUNCTION_EXISTS=pthread_create   -o CMakeFiles/cmTC_14da9.dir/CheckFunctionExists.c.o   -c /usr/share/cmake-3.10/Modules/CheckFunctionExists.c
Linking C executable cmTC_14da9
/usr/bin/cmake -E cmake_link_script CMakeFiles/cmTC_14da9.dir/link.txt --verbose=1
/usr/bin/cc  -DCHECK_FUNCTION_EXISTS=pthread_create    CMakeFiles/cmTC_14da9.dir/CheckFunctionExists.c.o  -o cmTC_14da9 -lpthreads 
/usr/bin/ld: cannot find -lpthreads
collect2: error: ld returned 1 exit status
CMakeFiles/cmTC_14da9.dir/build.make:97: recipe for target 'cmTC_14da9' failed
make[1]: *** [cmTC_14da9] Error 1
make[1]: Leaving directory '/home/ubuntu/work/mkf/MarketFinance/build/CMakeFiles/CMakeTmp'
Makefile:126: recipe for target 'cmTC_14da9/fast' failed
make: *** [cmTC_14da9/fast] Error 2


Determining if the function crc32c_value exists in the crc32c failed with the following output:
Change Dir: /home/ubuntu/work/mkf/MarketFinance/build/CMakeFiles/CMakeTmp

Run Build Command:"/usr/bin/make" "cmTC_e955d/fast"
/usr/bin/make -f CMakeFiles/cmTC_e955d.dir/build.make CMakeFiles/cmTC_e955d.dir/build
make[1]: Entering directory '/home/ubuntu/work/mkf/MarketFinance/build/CMakeFiles/CMakeTmp'
Building C object CMakeFiles/cmTC_e955d.dir/CheckFunctionExists.c.o
/usr/bin/cc   -DCHECK_FUNCTION_EXISTS=crc32c_value   -o CMakeFiles/cmTC_e955d.dir/CheckFunctionExists.c.o   -c /usr/share/cmake-3.10/Modules/CheckFunctionExists.c
Linking C executable cmTC_e955d
/usr/bin/cmake -E cmake_link_script CMakeFiles/cmTC_e955d.dir/link.txt --verbose=1
/usr/bin/cc  -DCHECK_FUNCTION_EXISTS=crc32c_value    CMakeFiles/cmTC_e955d.dir/CheckFunctionExists.c.o  -o cmTC_e955d -lcrc32c 
/usr/bin/ld: cannot find -lcrc32c
collect2: error: ld returned 1 exit status
CMakeFiles/cmTC_e955d.dir/build.make:97: recipe for target 'cmTC_e955d' failed
make[1]: *** [cmTC_e955d] Error 1
make[1]: Leaving directory '/home/ubuntu/work/mkf/MarketFinance/build/CMakeFiles/CMakeTmp'
Makefile:126: recipe for target 'cmTC_e955d/fast' failed
make: *** [cmTC_e955d/fast] Error 2


Determining if the function snappy_compress exists in the snappy failed with the following output:
Change Dir: /home/ubuntu/work/mkf/MarketFinance/build/CMakeFiles/CMakeTmp

Run Build Command:"/usr/bin/make" "cmTC_80960/fast"
/usr/bin/make -f CMakeFiles/cmTC_80960.dir/build.make CMakeFiles/cmTC_80960.dir/build
make[1]: Entering directory '/home/ubuntu/work/mkf/MarketFinance/build/CMakeFiles/CMakeTmp'
Building C object CMakeFiles/cmTC_80960.dir/CheckFunctionExists.c.o
/usr/bin/cc   -DCHECK_FUNCTION_EXISTS=snappy_compress   -o CMakeFiles/cmTC_80960.dir/CheckFunctionExists.c.o   -c /usr/share/cmake-3.10/Modules/CheckFunctionExists.c
Linking C executable cmTC_80960
/usr/bin/cmake -E cmake_link_script CMakeFiles/cmTC_80960.dir/link.txt --verbose=1
/usr/bin/cc  -DCHECK_FUNCTION_EXISTS=snappy_compress    CMakeFiles/cmTC_80960.dir/CheckFunctionExists.c.o  -o cmTC_80960 -lsnappy 
//usr/local/lib/libsnappy.a(snappy.cc.o): In function `snappy::internal::WorkingMemory::GetHashTable(unsigned long, int*)':
snappy.cc:(.text+0x15b): undefined reference to `operator new[](unsigned long)'
//usr/local/lib/libsnappy.a(snappy.cc.o): In function `snappy::Compress(snappy::Source*, snappy::Sink*)':
snappy.cc:(.text+0x1a74): undefined reference to `operator new[](unsigned long)'
snappy.cc:(.text+0x1a95): undefined reference to `operator delete[](void*)'
snappy.cc:(.text+0x1a9f): undefined reference to `operator delete[](void*)'
snappy.cc:(.text+0x1ab1): undefined reference to `operator delete[](void*)'
snappy.cc:(.text+0x1aec): undefined reference to `operator new[](unsigned long)'
snappy.cc:(.text+0x1b96): undefined reference to `operator delete[](void*)'
//usr/local/lib/libsnappy.a(snappy.cc.o): In function `snappy::Uncompress(char const*, unsigned long, std::__cxx11::basic_string<char, std::char_traits<char>, std::allocator<char> >*)':
snappy.cc:(.text+0x1deb): undefined reference to `std::__cxx11::basic_string<char, std::char_traits<char>, std::allocator<char> >::resize(unsigned long, char)'
//usr/local/lib/libsnappy.a(snappy.cc.o): In function `snappy::Compress(char const*, unsigned long, std::__cxx11::basic_string<char, std::char_traits<char>, std::allocator<char> >*)':
snappy.cc:(.text+0x2090): undefined reference to `std::__cxx11::basic_string<char, std::char_traits<char>, std::allocator<char> >::resize(unsigned long, char)'
snappy.cc:(.text+0x20b8): undefined reference to `std::__cxx11::basic_string<char, std::char_traits<char>, std::allocator<char> >::resize(unsigned long, char)'
//usr/local/lib/libsnappy.a(snappy.cc.o): In function `snappy::Uncompress(snappy::Source*, snappy::Sink*)':
snappy.cc:(.text+0x277c): undefined reference to `operator delete(void*)'
snappy.cc:(.text+0x278f): undefined reference to `operator delete(void*)'
//usr/local/lib/libsnappy.a(snappy.cc.o): In function `snappy::UncompressAsMuchAsPossible(snappy::Source*, snappy::Sink*)':
snappy.cc:(.text+0x2cf5): undefined reference to `operator delete(void*)'
snappy.cc:(.text+0x2d04): undefined reference to `operator delete(void*)'
//usr/local/lib/libsnappy.a(snappy.cc.o): In function `snappy::SnappySinkAllocator::Deleter(void*, char const*, unsigned long)':
snappy.cc:(.text._ZN6snappy19SnappySinkAllocator7DeleterEPvPKcm[_ZN6snappy19SnappySinkAllocator7DeleterEPvPKcm]+0x9): undefined reference to `operator delete[](void*)'
//usr/local/lib/libsnappy.a(snappy.cc.o): In function `snappy::SnappyScatteredWriter<snappy::SnappySinkAllocator>::~SnappyScatteredWriter()':
snappy.cc:(.text._ZN6snappy21SnappyScatteredWriterINS_19SnappySinkAllocatorEED2Ev[_ZN6snappy21SnappyScatteredWriterINS_19SnappySinkAllocatorEED5Ev]+0xe): undefined reference to `operator delete(void*)'
snappy.cc:(.text._ZN6snappy21SnappyScatteredWriterINS_19SnappySinkAllocatorEED2Ev[_ZN6snappy21SnappyScatteredWriterINS_19SnappySinkAllocatorEED5Ev]+0x1d): undefined reference to `operator delete(void*)'
//usr/local/lib/libsnappy.a(snappy.cc.o): In function `void std::vector<snappy::SnappySinkAllocator::Datablock, std::allocator<snappy::SnappySinkAllocator::Datablock> >::_M_realloc_insert<snappy::SnappySinkAllocator::Datablock const&>(__gnu_cxx::__normal_iterator<snappy::SnappySinkAllocator::Datablock*, std::vector<snappy::SnappySinkAllocator::Datablock, std::allocator<snappy::SnappySinkAllocator::Datablock> > >, snappy::SnappySinkAllocator::Datablock const&)':
snappy.cc:(.text._ZNSt6vectorIN6snappy19SnappySinkAllocator9DatablockESaIS2_EE17_M_realloc_insertIJRKS2_EEEvN9__gnu_cxx17__normal_iteratorIPS2_S4_EEDpOT_[_ZNSt6vectorIN6snappy19SnappySinkAllocator9DatablockESaIS2_EE17_M_realloc_insertIJRKS2_EEEvN9__gnu_cxx17__normal_iteratorIPS2_S4_EEDpOT_]+0x51): undefined reference to `operator new(unsigned long)'
snappy.cc:(.text._ZNSt6vectorIN6snappy19SnappySinkAllocator9DatablockESaIS2_EE17_M_realloc_insertIJRKS2_EEEvN9__gnu_cxx17__normal_iteratorIPS2_S4_EEDpOT_[_ZNSt6vectorIN6snappy19SnappySinkAllocator9DatablockESaIS2_EE17_M_realloc_insertIJRKS2_EEEvN9__gnu_cxx17__normal_iteratorIPS2_S4_EEDpOT_]+0xf7): undefined reference to `operator delete(void*)'
//usr/local/lib/libsnappy.a(snappy.cc.o): In function `void std::vector<char*, std::allocator<char*> >::_M_realloc_insert<char* const&>(__gnu_cxx::__normal_iterator<char**, std::vector<char*, std::allocator<char*> > >, char* const&)':
snappy.cc:(.text._ZNSt6vectorIPcSaIS0_EE17_M_realloc_insertIJRKS0_EEEvN9__gnu_cxx17__normal_iteratorIPS0_S2_EEDpOT_[_ZNSt6vectorIPcSaIS0_EE17_M_realloc_insertIJRKS0_EEEvN9__gnu_cxx17__normal_iteratorIPS0_S2_EEDpOT_]+0x50): undefined reference to `operator new(unsigned long)'
snappy.cc:(.text._ZNSt6vectorIPcSaIS0_EE17_M_realloc_insertIJRKS0_EEEvN9__gnu_cxx17__normal_iteratorIPS0_S2_EEDpOT_[_ZNSt6vectorIPcSaIS0_EE17_M_realloc_insertIJRKS0_EEEvN9__gnu_cxx17__normal_iteratorIPS0_S2_EEDpOT_]+0xc9): undefined reference to `operator delete(void*)'
//usr/local/lib/libsnappy.a(snappy.cc.o): In function `snappy::SnappyScatteredWriter<snappy::SnappySinkAllocator>::SlowAppend(char const*, unsigned long)':
snappy.cc:(.text._ZN6snappy21SnappyScatteredWriterINS_19SnappySinkAllocatorEE10SlowAppendEPKcm[_ZN6snappy21SnappyScatteredWriterINS_19SnappySinkAllocatorEE10SlowAppendEPKcm]+0xe4): undefined reference to `operator new[](unsigned long)'
//usr/local/lib/libsnappy.a(snappy.cc.o):(.data.rel.local.DW.ref.__gxx_personality_v0[DW.ref.__gxx_personality_v0]+0x0): undefined reference to `__gxx_personality_v0'
//usr/local/lib/libsnappy.a(snappy-sinksource.cc.o): In function `snappy::ByteArraySource::~ByteArraySource()':
snappy-sinksource.cc:(.text+0xd1): undefined reference to `operator delete(void*)'
//usr/local/lib/libsnappy.a(snappy-sinksource.cc.o): In function `snappy::UncheckedByteArraySink::~UncheckedByteArraySink()':
snappy-sinksource.cc:(.text+0xe1): undefined reference to `operator delete(void*)'
//usr/local/lib/libsnappy.a(snappy-sinksource.cc.o): In function `snappy::Source::~Source()':
snappy-sinksource.cc:(.text+0x181): undefined reference to `operator delete(void*)'
//usr/local/lib/libsnappy.a(snappy-sinksource.cc.o): In function `snappy::Sink::~Sink()':
snappy-sinksource.cc:(.text+0x1a1): undefined reference to `operator delete(void*)'
//usr/local/lib/libsnappy.a(snappy-sinksource.cc.o):(.data.rel.ro._ZTIN6snappy4SinkE[_ZTIN6snappy4SinkE]+0x0): undefined reference to `vtable for __cxxabiv1::__class_type_info'
//usr/local/lib/libsnappy.a(snappy-sinksource.cc.o):(.data.rel.ro._ZTIN6snappy6SourceE[_ZTIN6snappy6SourceE]+0x0): undefined reference to `vtable for __cxxabiv1::__class_type_info'
//usr/local/lib/libsnappy.a(snappy-sinksource.cc.o):(.data.rel.ro._ZTIN6snappy15ByteArraySourceE[_ZTIN6snappy15ByteArraySourceE]+0x0): undefined reference to `vtable for __cxxabiv1::__si_class_type_info'
//usr/local/lib/libsnappy.a(snappy-sinksource.cc.o):(.data.rel.ro._ZTIN6snappy22UncheckedByteArraySinkE[_ZTIN6snappy22UncheckedByteArraySinkE]+0x0): undefined reference to `vtable for __cxxabiv1::__si_class_type_info'
//usr/local/lib/libsnappy.a(snappy-sinksource.cc.o):(.data.rel.ro._ZTVN6snappy6SourceE[_ZTVN6snappy6SourceE]+0x20): undefined reference to `__cxa_pure_virtual'
//usr/local/lib/libsnappy.a(snappy-sinksource.cc.o):(.data.rel.ro._ZTVN6snappy6SourceE[_ZTVN6snappy6SourceE]+0x28): undefined reference to `__cxa_pure_virtual'
//usr/local/lib/libsnappy.a(snappy-sinksource.cc.o):(.data.rel.ro._ZTVN6snappy6SourceE[_ZTVN6snappy6SourceE]+0x30): undefined reference to `__cxa_pure_virtual'
//usr/local/lib/libsnappy.a(snappy-sinksource.cc.o):(.data.rel.ro._ZTVN6snappy4SinkE[_ZTVN6snappy4SinkE]+0x20): undefined reference to `__cxa_pure_virtual'
collect2: error: ld returned 1 exit status
CMakeFiles/cmTC_80960.dir/build.make:97: recipe for target 'cmTC_80960' failed
make[1]: *** [cmTC_80960] Error 1
make[1]: Leaving directory '/home/ubuntu/work/mkf/MarketFinance/build/CMakeFiles/CMakeTmp'
Makefile:126: recipe for target 'cmTC_80960/fast' failed
make: *** [cmTC_80960/fast] Error 2


Determining if the function malloc exists in the tcmalloc failed with the following output:
Change Dir: /home/ubuntu/work/mkf/MarketFinance/build/CMakeFiles/CMakeTmp

Run Build Command:"/usr/bin/make" "cmTC_738ff/fast"
/usr/bin/make -f CMakeFiles/cmTC_738ff.dir/build.make CMakeFiles/cmTC_738ff.dir/build
make[1]: Entering directory '/home/ubuntu/work/mkf/MarketFinance/build/CMakeFiles/CMakeTmp'
Building C object CMakeFiles/cmTC_738ff.dir/CheckFunctionExists.c.o
/usr/bin/cc   -DCHECK_FUNCTION_EXISTS=malloc   -o CMakeFiles/cmTC_738ff.dir/CheckFunctionExists.c.o   -c /usr/share/cmake-3.10/Modules/CheckFunctionExists.c
<command-line>:0:23: warning: conflicting types for built-in function ‘malloc’ [-Wbuiltin-declaration-mismatch]
/usr/share/cmake-3.10/Modules/CheckFunctionExists.c:7:3: note: in expansion of macro ‘CHECK_FUNCTION_EXISTS’
   CHECK_FUNCTION_EXISTS(void);
   ^~~~~~~~~~~~~~~~~~~~~
Linking C executable cmTC_738ff
/usr/bin/cmake -E cmake_link_script CMakeFiles/cmTC_738ff.dir/link.txt --verbose=1
/usr/bin/cc  -DCHECK_FUNCTION_EXISTS=malloc    CMakeFiles/cmTC_738ff.dir/CheckFunctionExists.c.o  -o cmTC_738ff -ltcmalloc 
/usr/bin/ld: cannot find -ltcmalloc
collect2: error: ld returned 1 exit status
CMakeFiles/cmTC_738ff.dir/build.make:97: recipe for target 'cmTC_738ff' failed
make[1]: *** [cmTC_738ff] Error 1
make[1]: Leaving directory '/home/ubuntu/work/mkf/MarketFinance/build/CMakeFiles/CMakeTmp'
Makefile:126: recipe for target 'cmTC_738ff/fast' failed
make: *** [cmTC_738ff/fast] Error 2


Performing C++ SOURCE FILE Test HAVE_CLANG_THREAD_SAFETY failed with the following output:
Change Dir: /home/ubuntu/work/mkf/MarketFinance/build/CMakeFiles/CMakeTmp

Run Build Command:"/usr/bin/make" "cmTC_2673e/fast"
/usr/bin/make -f CMakeFiles/cmTC_2673e.dir/build.make CMakeFiles/cmTC_2673e.dir/build
make[1]: Entering directory '/home/ubuntu/work/mkf/MarketFinance/build/CMakeFiles/CMakeTmp'
Building CXX object CMakeFiles/cmTC_2673e.dir/src.cxx.o
/usr/bin/c++    -O2  -Wextra -Werror -Wno-char-subscripts -Wno-unused-parameter -Wno-sign-compare -Wno-reorder -Wno-unused-local-typedefs -Wno-implicit-fallthrough -Wno-overloaded-virtual -Wno-strict-aliasing -Wno-unused-const-variable -lrt -w -DHAVE_CLANG_THREAD_SAFETY   -Wthread-safety -o CMakeFiles/cmTC_2673e.dir/src.cxx.o -c /home/ubuntu/work/mkf/MarketFinance/build/CMakeFiles/CMakeTmp/src.cxx
c++: error: unrecognized command line option '-Wthread-safety'; did you mean '-fthread-jumps'?
CMakeFiles/cmTC_2673e.dir/build.make:65: recipe for target 'CMakeFiles/cmTC_2673e.dir/src.cxx.o' failed
make[1]: *** [CMakeFiles/cmTC_2673e.dir/src.cxx.o] Error 1
make[1]: Leaving directory '/home/ubuntu/work/mkf/MarketFinance/build/CMakeFiles/CMakeTmp'
Makefile:126: recipe for target 'cmTC_2673e/fast' failed
make: *** [cmTC_2673e/fast] Error 2

Source file was:
int main() { return 0; }
Determining if the include file sys/endian.h exists failed with the following output:
Change Dir: /home/ubuntu/work/mkf/MarketFinance/build/CMakeFiles/CMakeTmp

Run Build Command:"/usr/bin/make" "cmTC_002ee/fast"
/usr/bin/make -f CMakeFiles/cmTC_002ee.dir/build.make CMakeFiles/cmTC_002ee.dir/build
make[1]: Entering directory '/home/ubuntu/work/mkf/MarketFinance/build/CMakeFiles/CMakeTmp'
Building C object CMakeFiles/cmTC_002ee.dir/CheckIncludeFile.c.o
/usr/bin/cc    -o CMakeFiles/cmTC_002ee.dir/CheckIncludeFile.c.o   -c /home/ubuntu/work/mkf/MarketFinance/build/CMakeFiles/CMakeTmp/CheckIncludeFile.c
/home/ubuntu/work/mkf/MarketFinance/build/CMakeFiles/CMakeTmp/CheckIncludeFile.c:1:10: fatal error: sys/endian.h: No such file or directory
 #include <sys/endian.h>
          ^~~~~~~~~~~~~~
compilation terminated.
CMakeFiles/cmTC_002ee.dir/build.make:65: recipe for target 'CMakeFiles/cmTC_002ee.dir/CheckIncludeFile.c.o' failed
make[1]: *** [CMakeFiles/cmTC_002ee.dir/CheckIncludeFile.c.o] Error 1
make[1]: Leaving directory '/home/ubuntu/work/mkf/MarketFinance/build/CMakeFiles/CMakeTmp'
Makefile:126: recipe for target 'cmTC_002ee/fast' failed
make: *** [cmTC_002ee/fast] Error 2


Determining if the include file windows.h exists failed with the following output:
Change Dir: /home/ubuntu/work/mkf/MarketFinance/build/CMakeFiles/CMakeTmp

Run Build Command:"/usr/bin/make" "cmTC_fa951/fast"
/usr/bin/make -f CMakeFiles/cmTC_fa951.dir/build.make CMakeFiles/cmTC_fa951.dir/build
make[1]: Entering directory '/home/ubuntu/work/mkf/MarketFinance/build/CMakeFiles/CMakeTmp'
Building C object CMakeFiles/cmTC_fa951.dir/CheckIncludeFile.c.o
/usr/bin/cc    -o CMakeFiles/cmTC_fa951.dir/CheckIncludeFile.c.o   -c /home/ubuntu/work/mkf/MarketFinance/build/CMakeFiles/CMakeTmp/CheckIncludeFile.c
/home/ubuntu/work/mkf/MarketFinance/build/CMakeFiles/CMakeTmp/CheckIncludeFile.c:1:10: fatal error: windows.h: No such file or directory
 #include <windows.h>
          ^~~~~~~~~~~
compilation terminated.
CMakeFiles/cmTC_fa951.dir/build.make:65: recipe for target 'CMakeFiles/cmTC_fa951.dir/CheckIncludeFile.c.o' failed
make[1]: *** [CMakeFiles/cmTC_fa951.dir/CheckIncludeFile.c.o] Error 1
make[1]: Leaving directory '/home/ubuntu/work/mkf/MarketFinance/build/CMakeFiles/CMakeTmp'
Makefile:126: recipe for target 'cmTC_fa951/fast' failed
make: *** [cmTC_fa951/fast] Error 2


Determining if the function lzo1x_1_15_compress exists in the lzo2 failed with the following output:
Change Dir: /home/ubuntu/work/mkf/MarketFinance/build/CMakeFiles/CMakeTmp

Run Build Command:"/usr/bin/make" "cmTC_7523e/fast"
/usr/bin/make -f CMakeFiles/cmTC_7523e.dir/build.make CMakeFiles/cmTC_7523e.dir/build
make[1]: Entering directory '/home/ubuntu/work/mkf/MarketFinance/build/CMakeFiles/CMakeTmp'
Building C object CMakeFiles/cmTC_7523e.dir/CheckFunctionExists.c.o
/usr/bin/cc   -DCHECK_FUNCTION_EXISTS=lzo1x_1_15_compress   -o CMakeFiles/cmTC_7523e.dir/CheckFunctionExists.c.o   -c /usr/share/cmake-3.10/Modules/CheckFunctionExists.c
Linking C executable cmTC_7523e
/usr/bin/cmake -E cmake_link_script CMakeFiles/cmTC_7523e.dir/link.txt --verbose=1
/usr/bin/cc  -DCHECK_FUNCTION_EXISTS=lzo1x_1_15_compress    -rdynamic CMakeFiles/cmTC_7523e.dir/CheckFunctionExists.c.o  -o cmTC_7523e -llzo2 
/usr/bin/ld: cannot find -llzo2
collect2: error: ld returned 1 exit status
CMakeFiles/cmTC_7523e.dir/build.make:97: recipe for target 'cmTC_7523e' failed
make[1]: *** [cmTC_7523e] Error 1
make[1]: Leaving directory '/home/ubuntu/work/mkf/MarketFinance/build/CMakeFiles/CMakeTmp'
Makefile:126: recipe for target 'cmTC_7523e/fast' failed
make: *** [cmTC_7523e/fast] Error 2


